2026-04-10 13:39:59,327 - model_box.NAS.core.population - INFO - Initialized population with 15 individuals, max_layers=5, max_parameters=5000000, device=cuda
2026-04-10 13:39:59,356 - model_box.NAS.core.population - DEBUG - Successfully created random individual with 10 layers
2026-04-10 13:39:59,356 - model_box.NAS.core.population - DEBUG - Building model from individual with 10 layers
2026-04-10 13:39:59,486 - model_box.NAS.core.population - WARNING - Assertion failed during individual check: Exceeded parameter limit. P: 23,537,024 > M: 20,000,000
2026-04-10 13:39:59,489 - model_box.NAS.core.population - DEBUG - Successfully created random individual with 6 layers
2026-04-10 13:39:59,490 - model_box.NAS.core.population - DEBUG - Building model from individual with 6 layers
2026-04-10 13:39:59,559 - model_box.NAS.core.population - DEBUG - Model size: 17980 parameters
2026-04-10 13:39:59,560 - model_box.NAS.core.population - DEBUG - Individual passed all validation checks, model size: 17980
2026-04-10 13:39:59,560 - model_box.NAS.core.population - DEBUG - Added individual 1/15 (attempt 2, failed: 1)
2026-04-10 13:39:59,566 - model_box.NAS.core.population - DEBUG - Successfully created random individual with 10 layers
2026-04-10 13:39:59,566 - model_box.NAS.core.population - DEBUG - Building model from individual with 10 layers
2026-04-10 13:40:00,245 - model_box.NAS.core.population - WARNING - Assertion failed during individual check: Exceeded parameter limit. P: 130,441,948 > M: 20,000,000
2026-04-10 13:40:00,249 - model_box.NAS.core.population - DEBUG - Successfully created random individual with 6 layers
2026-04-10 13:40:00,249 - model_box.NAS.core.population - DEBUG - Building model from individual with 6 layers
2026-04-10 13:40:00,289 - model_box.NAS.core.population - DEBUG - Model size: 150162 parameters
2026-04-10 13:40:00,289 - model_box.NAS.core.population - DEBUG - Individual passed all validation checks, model size: 150162
2026-04-10 13:40:00,290 - model_box.NAS.core.population - DEBUG - Added individual 2/15 (attempt 4, failed: 2)
2026-04-10 13:40:00,294 - model_box.NAS.core.population - DEBUG - Successfully created random individual with 8 layers
2026-04-10 13:40:00,294 - model_box.NAS.core.population - DEBUG - Building model from individual with 8 layers
2026-04-10 13:40:00,931 - model_box.NAS.core.population - DEBUG - Model size: 94794250 parameters
2026-04-10 13:40:00,931 - model_box.NAS.core.population - WARNING - Model too large: 94794250 parameters (max: 5000000)
2026-04-10 13:40:00,936 - model_box.NAS.core.population - DEBUG - Successfully created random individual with 10 layers
2026-04-10 13:40:00,937 - model_box.NAS.core.population - DEBUG - Building model from individual with 10 layers
2026-04-10 13:40:01,162 - model_box.NAS.core.population - WARNING - Assertion failed during individual check: Exceeded parameter limit. P: 43,840,434 > M: 20,000,000
2026-04-10 13:40:01,166 - model_box.NAS.core.population - DEBUG - Successfully created random individual with 6 layers
2026-04-10 13:40:01,166 - model_box.NAS.core.population - DEBUG - Building model from individual with 6 layers
2026-04-10 13:40:01,448 - model_box.NAS.core.population - DEBUG - Model size: 12904742 parameters
2026-04-10 13:40:01,448 - model_box.NAS.core.population - WARNING - Model too large: 12904742 parameters (max: 5000000)
2026-04-10 13:40:01,452 - model_box.NAS.core.population - DEBUG - Successfully created random individual with 8 layers
2026-04-10 13:40:01,452 - model_box.NAS.core.population - DEBUG - Building model from individual with 8 layers
2026-04-10 13:40:01,562 - model_box.NAS.core.population - WARNING - Assertion failed during individual check: Exceeded parameter limit. P: 21,271,845 > M: 20,000,000
2026-04-10 13:40:01,566 - model_box.NAS.core.population - DEBUG - Successfully created random individual with 6 layers
2026-04-10 13:40:01,566 - model_box.NAS.core.population - DEBUG - Building model from individual with 6 layers
2026-04-10 13:40:02,780 - model_box.NAS.core.population - WARNING - Assertion failed during individual check: Exceeded parameter limit. P: 236,499,550 > M: 20,000,000
2026-04-10 13:40:02,787 - model_box.NAS.core.population - DEBUG - Successfully created random individual with 10 layers
2026-04-10 13:40:02,787 - model_box.NAS.core.population - DEBUG - Building model from individual with 10 layers
2026-04-10 13:40:03,111 - model_box.NAS.core.population - WARNING - Assertion failed during individual check: Exceeded parameter limit. P: 63,466,515 > M: 20,000,000
2026-04-10 13:40:03,112 - model_box.NAS.core.population - INFO - Population generation: 2/15 created (attempts: 10, failed: 8)
2026-04-10 13:40:03,116 - model_box.NAS.core.population - DEBUG - Successfully created random individual with 8 layers
2026-04-10 13:40:03,116 - model_box.NAS.core.population - DEBUG - Building model from individual with 8 layers
2026-04-10 13:40:03,146 - model_box.NAS.core.population - DEBUG - Model size: 280606 parameters
2026-04-10 13:40:03,146 - model_box.NAS.core.population - DEBUG - Individual passed all validation checks, model size: 280606
2026-04-10 13:40:03,147 - model_box.NAS.core.population - DEBUG - Added individual 3/15 (attempt 11, failed: 8)
2026-04-10 13:40:03,151 - model_box.NAS.core.population - DEBUG - Successfully created random individual with 10 layers
2026-04-10 13:40:03,152 - model_box.NAS.core.population - DEBUG - Building model from individual with 10 layers
2026-04-10 13:40:03,369 - model_box.NAS.core.population - WARNING - Assertion failed during individual check: Exceeded parameter limit. P: 41,230,476 > M: 20,000,000
2026-04-10 13:40:03,375 - model_box.NAS.core.population - DEBUG - Successfully created random individual with 10 layers
2026-04-10 13:40:03,375 - model_box.NAS.core.population - DEBUG - Building model from individual with 10 layers
2026-04-10 13:40:04,117 - model_box.NAS.core.population - WARNING - Assertion failed during individual check: Exceeded parameter limit. P: 144,626,797 > M: 20,000,000
2026-04-10 13:40:04,122 - model_box.NAS.core.population - DEBUG - Successfully created random individual with 6 layers
2026-04-10 13:40:04,122 - model_box.NAS.core.population - DEBUG - Building model from individual with 6 layers
2026-04-10 13:40:04,172 - model_box.NAS.core.population - DEBUG - Model size: 912636 parameters
2026-04-10 13:40:04,172 - model_box.NAS.core.population - DEBUG - Individual passed all validation checks, model size: 912636
2026-04-10 13:40:04,173 - model_box.NAS.core.population - DEBUG - Added individual 4/15 (attempt 14, failed: 10)
2026-04-10 13:40:04,178 - model_box.NAS.core.population - DEBUG - Successfully created random individual with 10 layers
2026-04-10 13:40:04,178 - model_box.NAS.core.population - DEBUG - Building model from individual with 10 layers
2026-04-10 13:40:04,214 - model_box.NAS.core.population - DEBUG - Model size: 180171 parameters
2026-04-10 13:40:04,215 - model_box.NAS.core.population - DEBUG - Individual passed all validation checks, model size: 180171
2026-04-10 13:40:04,215 - model_box.NAS.core.population - DEBUG - Added individual 5/15 (attempt 15, failed: 10)
2026-04-10 13:40:04,219 - model_box.NAS.core.population - DEBUG - Successfully created random individual with 10 layers
2026-04-10 13:40:04,219 - model_box.NAS.core.population - DEBUG - Building model from individual with 10 layers
2026-04-10 13:40:04,307 - model_box.NAS.core.population - DEBUG - Model size: 4863058 parameters
2026-04-10 13:40:04,307 - model_box.NAS.core.population - DEBUG - Individual passed all validation checks, model size: 4863058
2026-04-10 13:40:04,307 - model_box.NAS.core.population - DEBUG - Added individual 6/15 (attempt 16, failed: 10)
2026-04-10 13:40:04,311 - model_box.NAS.core.population - DEBUG - Successfully created random individual with 8 layers
2026-04-10 13:40:04,311 - model_box.NAS.core.population - DEBUG - Building model from individual with 8 layers
2026-04-10 13:40:04,342 - model_box.NAS.core.population - DEBUG - Model size: 131521 parameters
2026-04-10 13:40:04,342 - model_box.NAS.core.population - DEBUG - Individual passed all validation checks, model size: 131521
2026-04-10 13:40:04,342 - model_box.NAS.core.population - DEBUG - Added individual 7/15 (attempt 17, failed: 10)
2026-04-10 13:40:04,346 - model_box.NAS.core.population - DEBUG - Successfully created random individual with 8 layers
2026-04-10 13:40:04,347 - model_box.NAS.core.population - DEBUG - Building model from individual with 8 layers
2026-04-10 13:40:04,944 - model_box.NAS.core.population - DEBUG - Model size: 48737378 parameters
2026-04-10 13:40:04,944 - model_box.NAS.core.population - WARNING - Model too large: 48737378 parameters (max: 5000000)
2026-04-10 13:40:04,949 - model_box.NAS.core.population - DEBUG - Successfully created random individual with 10 layers
2026-04-10 13:40:04,949 - model_box.NAS.core.population - DEBUG - Building model from individual with 10 layers
2026-04-10 13:40:04,976 - model_box.NAS.core.population - DEBUG - Model size: 6061 parameters
2026-04-10 13:40:04,976 - model_box.NAS.core.population - DEBUG - Individual passed all validation checks, model size: 6061
2026-04-10 13:40:04,977 - model_box.NAS.core.population - DEBUG - Added individual 8/15 (attempt 19, failed: 11)
2026-04-10 13:40:04,982 - model_box.NAS.core.population - DEBUG - Successfully created random individual with 10 layers
2026-04-10 13:40:04,982 - model_box.NAS.core.population - DEBUG - Building model from individual with 10 layers
2026-04-10 13:40:05,567 - model_box.NAS.core.population - WARNING - Assertion failed during individual check: Exceeded parameter limit. P: 114,032,296 > M: 20,000,000
2026-04-10 13:40:05,569 - model_box.NAS.core.population - INFO - Population generation: 8/15 created (attempts: 20, failed: 12)
2026-04-10 13:40:05,572 - model_box.NAS.core.population - DEBUG - Successfully created random individual with 6 layers
2026-04-10 13:40:05,572 - model_box.NAS.core.population - DEBUG - Building model from individual with 6 layers
2026-04-10 13:40:05,611 - model_box.NAS.core.population - DEBUG - Model size: 108224 parameters
2026-04-10 13:40:05,611 - model_box.NAS.core.population - DEBUG - Individual passed all validation checks, model size: 108224
2026-04-10 13:40:05,611 - model_box.NAS.core.population - DEBUG - Added individual 9/15 (attempt 21, failed: 12)
2026-04-10 13:40:05,616 - model_box.NAS.core.population - DEBUG - Successfully created random individual with 8 layers
2026-04-10 13:40:05,616 - model_box.NAS.core.population - DEBUG - Building model from individual with 8 layers
2026-04-10 13:40:05,635 - model_box.NAS.core.population - DEBUG - Model size: 2742 parameters
2026-04-10 13:40:05,635 - model_box.NAS.core.population - DEBUG - Individual passed all validation checks, model size: 2742
2026-04-10 13:40:05,636 - model_box.NAS.core.population - DEBUG - Added individual 10/15 (attempt 22, failed: 12)
2026-04-10 13:40:05,639 - model_box.NAS.core.population - DEBUG - Successfully created random individual with 6 layers
2026-04-10 13:40:05,639 - model_box.NAS.core.population - DEBUG - Building model from individual with 6 layers
2026-04-10 13:40:05,666 - model_box.NAS.core.population - DEBUG - Model size: 61990 parameters
2026-04-10 13:40:05,666 - model_box.NAS.core.population - DEBUG - Individual passed all validation checks, model size: 61990
2026-04-10 13:40:05,667 - model_box.NAS.core.population - DEBUG - Added individual 11/15 (attempt 23, failed: 12)
2026-04-10 13:40:05,671 - model_box.NAS.core.population - DEBUG - Successfully created random individual with 8 layers
2026-04-10 13:40:05,671 - model_box.NAS.core.population - DEBUG - Building model from individual with 8 layers
2026-04-10 13:40:51,372 - model_box.NAS.core.population - WARNING - Assertion failed during individual check: Exceeded parameter limit. P: 7,733,555,144 > M: 20,000,000
2026-04-10 13:40:52,344 - model_box.NAS.core.population - DEBUG - Successfully created random individual with 10 layers
2026-04-10 13:40:52,344 - model_box.NAS.core.population - DEBUG - Building model from individual with 10 layers
2026-04-10 13:40:52,395 - model_box.NAS.core.population - DEBUG - Model size: 478960 parameters
2026-04-10 13:40:52,395 - model_box.NAS.core.population - DEBUG - Individual passed all validation checks, model size: 478960
2026-04-10 13:40:52,396 - model_box.NAS.core.population - DEBUG - Added individual 12/15 (attempt 25, failed: 13)
2026-04-10 13:40:52,399 - model_box.NAS.core.population - DEBUG - Successfully created random individual with 6 layers
2026-04-10 13:40:52,399 - model_box.NAS.core.population - DEBUG - Building model from individual with 6 layers
2026-04-10 13:40:52,511 - model_box.NAS.core.population - DEBUG - Model size: 6653560 parameters
2026-04-10 13:40:52,512 - model_box.NAS.core.population - WARNING - Model too large: 6653560 parameters (max: 5000000)
2026-04-10 13:40:52,516 - model_box.NAS.core.population - DEBUG - Successfully created random individual with 8 layers
2026-04-10 13:40:52,516 - model_box.NAS.core.population - DEBUG - Building model from individual with 8 layers
2026-04-10 13:40:52,691 - model_box.NAS.core.population - WARNING - Assertion failed during individual check: Exceeded parameter limit. P: 32,209,899 > M: 20,000,000
2026-04-10 13:40:52,695 - model_box.NAS.core.population - DEBUG - Successfully created random individual with 6 layers
2026-04-10 13:40:52,695 - model_box.NAS.core.population - DEBUG - Building model from individual with 6 layers
2026-04-10 13:40:52,715 - model_box.NAS.core.population - DEBUG - Model size: 6382 parameters
2026-04-10 13:40:52,715 - model_box.NAS.core.population - DEBUG - Individual passed all validation checks, model size: 6382
2026-04-10 13:40:52,716 - model_box.NAS.core.population - DEBUG - Added individual 13/15 (attempt 28, failed: 15)
2026-04-10 13:40:52,721 - model_box.NAS.core.population - DEBUG - Successfully created random individual with 10 layers
2026-04-10 13:40:52,721 - model_box.NAS.core.population - DEBUG - Building model from individual with 10 layers
2026-04-10 13:40:52,753 - model_box.NAS.core.population - DEBUG - Model size: 9910 parameters
2026-04-10 13:40:52,753 - model_box.NAS.core.population - DEBUG - Individual passed all validation checks, model size: 9910
2026-04-10 13:40:52,754 - model_box.NAS.core.population - DEBUG - Added individual 14/15 (attempt 29, failed: 15)
2026-04-10 13:40:52,759 - model_box.NAS.core.population - DEBUG - Successfully created random individual with 10 layers
2026-04-10 13:40:52,759 - model_box.NAS.core.population - DEBUG - Building model from individual with 10 layers
2026-04-10 13:40:52,794 - model_box.NAS.core.population - DEBUG - Model size: 225901 parameters
2026-04-10 13:40:52,794 - model_box.NAS.core.population - DEBUG - Individual passed all validation checks, model size: 225901
2026-04-10 13:40:52,794 - model_box.NAS.core.population - DEBUG - Added individual 15/15 (attempt 30, failed: 15)
2026-04-10 13:40:52,794 - model_box.NAS.core.population - INFO - Population generation: 15/15 created (attempts: 30, failed: 15)
2026-04-10 13:40:52,795 - model_box.NAS.core.population - INFO - Initial population created with 15 individuals, removing duplicates...
2026-04-10 13:40:52,795 - model_box.NAS.core.population - INFO - Population generation completed. Created 15/15 individuals in 53.5 seconds (attempts: 30, success rate: 50.0%)
2026-04-10 13:40:52,810 - model_box.NAS.core.population - DEBUG - Updated population dataframe
2026-04-10 13:40:52,810 - model_box.NAS.core.population - ERROR - Error saving population to ./models_traced/src/population_0.pkl: [Errno 2] No such file or directory: './models_traced/src/population_0.pkl'
2026-04-10 13:40:52,815 - model_box.NAS.core.population - INFO - DataFrame saved to /home/s3167445/msc_thesis_ivar/project/Results/src/df_population_0.pkl
2026-04-10 13:40:52,815 - model_box.NAS.core.population - INFO - Successfully checkpointed population at generation 0
