2026-04-10 16:20:18,226 - model_box.NAS.core.population - INFO - Initialized population with 15 individuals, max_layers=5, max_parameters=5000000, device=cuda
2026-04-10 16:20:18,247 - model_box.NAS.core.population - DEBUG - Successfully created random individual with 10 layers
2026-04-10 16:20:18,247 - model_box.NAS.core.population - DEBUG - Building model from individual with 10 layers
2026-04-10 16:20:18,377 - model_box.NAS.core.population - WARNING - Assertion failed during individual check: Exceeded parameter limit. P: 23,537,024 > M: 20,000,000
2026-04-10 16:20:18,381 - model_box.NAS.core.population - DEBUG - Successfully created random individual with 6 layers
2026-04-10 16:20:18,381 - model_box.NAS.core.population - DEBUG - Building model from individual with 6 layers
2026-04-10 16:20:18,423 - model_box.NAS.core.population - DEBUG - Model size: 17980 parameters
2026-04-10 16:20:18,423 - model_box.NAS.core.population - DEBUG - Individual passed all validation checks, model size: 17980
2026-04-10 16:20:18,424 - model_box.NAS.core.population - DEBUG - Added individual 1/15 (attempt 2, failed: 1)
2026-04-10 16:20:18,429 - model_box.NAS.core.population - DEBUG - Successfully created random individual with 10 layers
2026-04-10 16:20:18,429 - model_box.NAS.core.population - DEBUG - Building model from individual with 10 layers
2026-04-10 16:20:19,105 - model_box.NAS.core.population - WARNING - Assertion failed during individual check: Exceeded parameter limit. P: 130,441,948 > M: 20,000,000
2026-04-10 16:20:19,110 - model_box.NAS.core.population - DEBUG - Successfully created random individual with 6 layers
2026-04-10 16:20:19,110 - model_box.NAS.core.population - DEBUG - Building model from individual with 6 layers
2026-04-10 16:20:19,146 - model_box.NAS.core.population - DEBUG - Model size: 150162 parameters
2026-04-10 16:20:19,146 - model_box.NAS.core.population - DEBUG - Individual passed all validation checks, model size: 150162
2026-04-10 16:20:19,147 - model_box.NAS.core.population - DEBUG - Added individual 2/15 (attempt 4, failed: 2)
2026-04-10 16:20:19,151 - model_box.NAS.core.population - DEBUG - Successfully created random individual with 8 layers
2026-04-10 16:20:19,151 - model_box.NAS.core.population - DEBUG - Building model from individual with 8 layers
2026-04-10 16:20:19,811 - model_box.NAS.core.population - DEBUG - Model size: 94794250 parameters
2026-04-10 16:20:19,811 - model_box.NAS.core.population - WARNING - Model too large: 94794250 parameters (max: 5000000)
2026-04-10 16:20:19,817 - model_box.NAS.core.population - DEBUG - Successfully created random individual with 10 layers
2026-04-10 16:20:19,817 - model_box.NAS.core.population - DEBUG - Building model from individual with 10 layers
2026-04-10 16:20:20,043 - model_box.NAS.core.population - WARNING - Assertion failed during individual check: Exceeded parameter limit. P: 43,840,434 > M: 20,000,000
2026-04-10 16:20:20,047 - model_box.NAS.core.population - DEBUG - Successfully created random individual with 6 layers
2026-04-10 16:20:20,047 - model_box.NAS.core.population - DEBUG - Building model from individual with 6 layers
2026-04-10 16:20:20,327 - model_box.NAS.core.population - DEBUG - Model size: 12904742 parameters
2026-04-10 16:20:20,328 - model_box.NAS.core.population - WARNING - Model too large: 12904742 parameters (max: 5000000)
2026-04-10 16:20:20,331 - model_box.NAS.core.population - DEBUG - Successfully created random individual with 8 layers
2026-04-10 16:20:20,332 - model_box.NAS.core.population - DEBUG - Building model from individual with 8 layers
2026-04-10 16:20:20,444 - model_box.NAS.core.population - WARNING - Assertion failed during individual check: Exceeded parameter limit. P: 21,271,845 > M: 20,000,000
2026-04-10 16:20:20,448 - model_box.NAS.core.population - DEBUG - Successfully created random individual with 6 layers
2026-04-10 16:20:20,448 - model_box.NAS.core.population - DEBUG - Building model from individual with 6 layers
2026-04-10 16:20:21,685 - model_box.NAS.core.population - WARNING - Assertion failed during individual check: Exceeded parameter limit. P: 236,499,550 > M: 20,000,000
2026-04-10 16:20:21,693 - model_box.NAS.core.population - DEBUG - Successfully created random individual with 10 layers
2026-04-10 16:20:21,693 - model_box.NAS.core.population - DEBUG - Building model from individual with 10 layers
2026-04-10 16:20:22,037 - model_box.NAS.core.population - WARNING - Assertion failed during individual check: Exceeded parameter limit. P: 63,466,515 > M: 20,000,000
2026-04-10 16:20:22,038 - model_box.NAS.core.population - INFO - Population generation: 2/15 created (attempts: 10, failed: 8)
2026-04-10 16:20:22,042 - model_box.NAS.core.population - DEBUG - Successfully created random individual with 8 layers
2026-04-10 16:20:22,042 - model_box.NAS.core.population - DEBUG - Building model from individual with 8 layers
2026-04-10 16:20:22,073 - model_box.NAS.core.population - DEBUG - Model size: 280606 parameters
2026-04-10 16:20:22,073 - model_box.NAS.core.population - DEBUG - Individual passed all validation checks, model size: 280606
2026-04-10 16:20:22,074 - model_box.NAS.core.population - DEBUG - Added individual 3/15 (attempt 11, failed: 8)
2026-04-10 16:20:22,079 - model_box.NAS.core.population - DEBUG - Successfully created random individual with 10 layers
2026-04-10 16:20:22,079 - model_box.NAS.core.population - DEBUG - Building model from individual with 10 layers
2026-04-10 16:20:22,298 - model_box.NAS.core.population - WARNING - Assertion failed during individual check: Exceeded parameter limit. P: 41,230,476 > M: 20,000,000
2026-04-10 16:20:22,303 - model_box.NAS.core.population - DEBUG - Successfully created random individual with 10 layers
2026-04-10 16:20:22,303 - model_box.NAS.core.population - DEBUG - Building model from individual with 10 layers
2026-04-10 16:20:23,069 - model_box.NAS.core.population - WARNING - Assertion failed during individual check: Exceeded parameter limit. P: 144,626,797 > M: 20,000,000
2026-04-10 16:20:23,074 - model_box.NAS.core.population - DEBUG - Successfully created random individual with 6 layers
2026-04-10 16:20:23,074 - model_box.NAS.core.population - DEBUG - Building model from individual with 6 layers
2026-04-10 16:20:23,128 - model_box.NAS.core.population - DEBUG - Model size: 912636 parameters
2026-04-10 16:20:23,128 - model_box.NAS.core.population - DEBUG - Individual passed all validation checks, model size: 912636
2026-04-10 16:20:23,129 - model_box.NAS.core.population - DEBUG - Added individual 4/15 (attempt 14, failed: 10)
2026-04-10 16:20:23,134 - model_box.NAS.core.population - DEBUG - Successfully created random individual with 10 layers
2026-04-10 16:20:23,134 - model_box.NAS.core.population - DEBUG - Building model from individual with 10 layers
2026-04-10 16:20:23,170 - model_box.NAS.core.population - DEBUG - Model size: 180171 parameters
2026-04-10 16:20:23,170 - model_box.NAS.core.population - DEBUG - Individual passed all validation checks, model size: 180171
2026-04-10 16:20:23,170 - model_box.NAS.core.population - DEBUG - Added individual 5/15 (attempt 15, failed: 10)
2026-04-10 16:20:23,175 - model_box.NAS.core.population - DEBUG - Successfully created random individual with 10 layers
2026-04-10 16:20:23,175 - model_box.NAS.core.population - DEBUG - Building model from individual with 10 layers
2026-04-10 16:20:23,261 - model_box.NAS.core.population - DEBUG - Model size: 4863058 parameters
2026-04-10 16:20:23,262 - model_box.NAS.core.population - DEBUG - Individual passed all validation checks, model size: 4863058
2026-04-10 16:20:23,262 - model_box.NAS.core.population - DEBUG - Added individual 6/15 (attempt 16, failed: 10)
2026-04-10 16:20:23,266 - model_box.NAS.core.population - DEBUG - Successfully created random individual with 8 layers
2026-04-10 16:20:23,266 - model_box.NAS.core.population - DEBUG - Building model from individual with 8 layers
2026-04-10 16:20:23,297 - model_box.NAS.core.population - DEBUG - Model size: 131521 parameters
2026-04-10 16:20:23,297 - model_box.NAS.core.population - DEBUG - Individual passed all validation checks, model size: 131521
2026-04-10 16:20:23,297 - model_box.NAS.core.population - DEBUG - Added individual 7/15 (attempt 17, failed: 10)
2026-04-10 16:20:23,302 - model_box.NAS.core.population - DEBUG - Successfully created random individual with 8 layers
2026-04-10 16:20:23,302 - model_box.NAS.core.population - DEBUG - Building model from individual with 8 layers
2026-04-10 16:20:23,907 - model_box.NAS.core.population - DEBUG - Model size: 48737378 parameters
2026-04-10 16:20:23,907 - model_box.NAS.core.population - WARNING - Model too large: 48737378 parameters (max: 5000000)
2026-04-10 16:20:23,914 - model_box.NAS.core.population - DEBUG - Successfully created random individual with 10 layers
2026-04-10 16:20:23,914 - model_box.NAS.core.population - DEBUG - Building model from individual with 10 layers
2026-04-10 16:20:23,942 - model_box.NAS.core.population - DEBUG - Model size: 6061 parameters
2026-04-10 16:20:23,942 - model_box.NAS.core.population - DEBUG - Individual passed all validation checks, model size: 6061
2026-04-10 16:20:23,943 - model_box.NAS.core.population - DEBUG - Added individual 8/15 (attempt 19, failed: 11)
2026-04-10 16:20:23,948 - model_box.NAS.core.population - DEBUG - Successfully created random individual with 10 layers
2026-04-10 16:20:23,948 - model_box.NAS.core.population - DEBUG - Building model from individual with 10 layers
2026-04-10 16:20:24,549 - model_box.NAS.core.population - WARNING - Assertion failed during individual check: Exceeded parameter limit. P: 114,032,296 > M: 20,000,000
2026-04-10 16:20:24,550 - model_box.NAS.core.population - INFO - Population generation: 8/15 created (attempts: 20, failed: 12)
2026-04-10 16:20:24,554 - model_box.NAS.core.population - DEBUG - Successfully created random individual with 6 layers
2026-04-10 16:20:24,554 - model_box.NAS.core.population - DEBUG - Building model from individual with 6 layers
2026-04-10 16:20:24,592 - model_box.NAS.core.population - DEBUG - Model size: 108224 parameters
2026-04-10 16:20:24,592 - model_box.NAS.core.population - DEBUG - Individual passed all validation checks, model size: 108224
2026-04-10 16:20:24,593 - model_box.NAS.core.population - DEBUG - Added individual 9/15 (attempt 21, failed: 12)
2026-04-10 16:20:24,597 - model_box.NAS.core.population - DEBUG - Successfully created random individual with 8 layers
2026-04-10 16:20:24,597 - model_box.NAS.core.population - DEBUG - Building model from individual with 8 layers
2026-04-10 16:20:24,617 - model_box.NAS.core.population - DEBUG - Model size: 2742 parameters
2026-04-10 16:20:24,617 - model_box.NAS.core.population - DEBUG - Individual passed all validation checks, model size: 2742
2026-04-10 16:20:24,617 - model_box.NAS.core.population - DEBUG - Added individual 10/15 (attempt 22, failed: 12)
2026-04-10 16:20:24,621 - model_box.NAS.core.population - DEBUG - Successfully created random individual with 6 layers
2026-04-10 16:20:24,621 - model_box.NAS.core.population - DEBUG - Building model from individual with 6 layers
2026-04-10 16:20:24,651 - model_box.NAS.core.population - DEBUG - Model size: 61990 parameters
2026-04-10 16:20:24,651 - model_box.NAS.core.population - DEBUG - Individual passed all validation checks, model size: 61990
2026-04-10 16:20:24,651 - model_box.NAS.core.population - DEBUG - Added individual 11/15 (attempt 23, failed: 12)
2026-04-10 16:20:24,656 - model_box.NAS.core.population - DEBUG - Successfully created random individual with 8 layers
2026-04-10 16:20:24,656 - model_box.NAS.core.population - DEBUG - Building model from individual with 8 layers
2026-04-10 16:21:12,299 - model_box.NAS.core.population - WARNING - Assertion failed during individual check: Exceeded parameter limit. P: 7,733,555,144 > M: 20,000,000
2026-04-10 16:21:13,143 - model_box.NAS.core.population - DEBUG - Successfully created random individual with 10 layers
2026-04-10 16:21:13,143 - model_box.NAS.core.population - DEBUG - Building model from individual with 10 layers
2026-04-10 16:21:13,195 - model_box.NAS.core.population - DEBUG - Model size: 478960 parameters
2026-04-10 16:21:13,195 - model_box.NAS.core.population - DEBUG - Individual passed all validation checks, model size: 478960
2026-04-10 16:21:13,196 - model_box.NAS.core.population - DEBUG - Added individual 12/15 (attempt 25, failed: 13)
2026-04-10 16:21:13,199 - model_box.NAS.core.population - DEBUG - Successfully created random individual with 6 layers
2026-04-10 16:21:13,199 - model_box.NAS.core.population - DEBUG - Building model from individual with 6 layers
2026-04-10 16:21:13,313 - model_box.NAS.core.population - DEBUG - Model size: 6653560 parameters
2026-04-10 16:21:13,313 - model_box.NAS.core.population - WARNING - Model too large: 6653560 parameters (max: 5000000)
2026-04-10 16:21:13,317 - model_box.NAS.core.population - DEBUG - Successfully created random individual with 8 layers
2026-04-10 16:21:13,317 - model_box.NAS.core.population - DEBUG - Building model from individual with 8 layers
2026-04-10 16:21:13,494 - model_box.NAS.core.population - WARNING - Assertion failed during individual check: Exceeded parameter limit. P: 32,209,899 > M: 20,000,000
2026-04-10 16:21:13,497 - model_box.NAS.core.population - DEBUG - Successfully created random individual with 6 layers
2026-04-10 16:21:13,498 - model_box.NAS.core.population - DEBUG - Building model from individual with 6 layers
2026-04-10 16:21:13,518 - model_box.NAS.core.population - DEBUG - Model size: 6382 parameters
2026-04-10 16:21:13,518 - model_box.NAS.core.population - DEBUG - Individual passed all validation checks, model size: 6382
2026-04-10 16:21:13,519 - model_box.NAS.core.population - DEBUG - Added individual 13/15 (attempt 28, failed: 15)
2026-04-10 16:21:13,524 - model_box.NAS.core.population - DEBUG - Successfully created random individual with 10 layers
2026-04-10 16:21:13,524 - model_box.NAS.core.population - DEBUG - Building model from individual with 10 layers
2026-04-10 16:21:13,555 - model_box.NAS.core.population - DEBUG - Model size: 9910 parameters
2026-04-10 16:21:13,556 - model_box.NAS.core.population - DEBUG - Individual passed all validation checks, model size: 9910
2026-04-10 16:21:13,556 - model_box.NAS.core.population - DEBUG - Added individual 14/15 (attempt 29, failed: 15)
2026-04-10 16:21:13,561 - model_box.NAS.core.population - DEBUG - Successfully created random individual with 10 layers
2026-04-10 16:21:13,561 - model_box.NAS.core.population - DEBUG - Building model from individual with 10 layers
2026-04-10 16:21:13,594 - model_box.NAS.core.population - DEBUG - Model size: 225901 parameters
2026-04-10 16:21:13,594 - model_box.NAS.core.population - DEBUG - Individual passed all validation checks, model size: 225901
2026-04-10 16:21:13,594 - model_box.NAS.core.population - DEBUG - Added individual 15/15 (attempt 30, failed: 15)
2026-04-10 16:21:13,594 - model_box.NAS.core.population - INFO - Population generation: 15/15 created (attempts: 30, failed: 15)
2026-04-10 16:21:13,595 - model_box.NAS.core.population - INFO - Initial population created with 15 individuals, removing duplicates...
2026-04-10 16:21:13,595 - model_box.NAS.core.population - INFO - Population generation completed. Created 15/15 individuals in 55.4 seconds (attempts: 30, success rate: 50.0%)
2026-04-10 16:21:13,597 - model_box.NAS.core.population - DEBUG - Backed up /home/s3167445/msc_thesis_ivar/project/Results/src/df_population_0.pkl to /home/s3167445/msc_thesis_ivar/project/Results/backups/gen_0/df_population_0_20260410_162113.pkl
2026-04-10 16:21:13,599 - model_box.NAS.core.population - DEBUG - Updated population dataframe
2026-04-10 16:21:13,599 - model_box.NAS.core.population - ERROR - Error saving population to ./models_traced/src/population_0.pkl: [Errno 2] No such file or directory: './models_traced/src/population_0.pkl'
2026-04-10 16:21:14,184 - model_box.NAS.core.population - INFO - DataFrame saved to /home/s3167445/msc_thesis_ivar/project/Results/src/df_population_0.pkl
2026-04-10 16:21:14,184 - model_box.NAS.core.population - INFO - Successfully checkpointed population at generation 0
